<?xml version="1.0" encoding="UTF-8"?>
<!-- Generated by org.testng.reporters.JUnitXMLReporter -->
<testsuite ignored="0" hostname="L-EGE-6JLGPG3" failures="1" tests="1" name="AddRemoveItemBasketTest" time="30.377" errors="0" timestamp="2024-04-10T20:14:14 EET">
  <testcase classname="testCases.AddRemoveItemBasketTest" name="addRemoveItem" time="24.0">
    <failure type="java.lang.AssertionError" message="expected [$45.04] but found [$45.24]">
      <![CDATA[java.lang.AssertionError: expected [$45.04] but found [$45.24]
at testCases.AddRemoveItemBasketTest.addRemoveItem(AddRemoveItemBasketTest.java:70)
at java.base/java.util.ArrayList.forEach(ArrayList.java:1511)
at java.base/java.util.concurrent.FutureTask.run(FutureTask.java:264)
at java.base/java.util.concurrent.ThreadPoolExecutor.runWorker(ThreadPoolExecutor.java:1136)
at java.base/java.util.concurrent.ThreadPoolExecutor$Worker.run(ThreadPoolExecutor.java:635)
at java.base/java.lang.Thread.run(Thread.java:833)
... Removed 24 stack frames]]>
    </failure>
  </testcase> <!-- addRemoveItem -->
</testsuite> <!-- AddRemoveItemBasketTest -->
