<?xml version="1.0" encoding="UTF-8"?>
<testng-results ignored="0" total="3" passed="2" failed="1" skipped="0">
  <reporter-output>
  </reporter-output>
  <suite started-at="2024-04-02T11:06:10 EET" name="Suite" finished-at="2024-04-02T11:06:35 EET" duration-ms="25204">
    <groups>
    </groups>
    <test started-at="2024-04-02T11:06:10 EET" name="Test" finished-at="2024-04-02T11:06:17 EET" duration-ms="6740">
      <class name="testCases.BaseClassTest">
        <test-method is-config="true" signature="openUrl()[pri:0, instance:testCases.BaseClassTest@57cf54e1]" started-at="2024-04-02T11:06:10 EET" name="openUrl" finished-at="2024-04-02T11:06:13 EET" duration-ms="2696" status="PASS">
          <reporter-output>
          </reporter-output>
        </test-method> <!-- openUrl -->
        <test-method signature="testBaseClas()[pri:0, instance:testCases.BaseClassTest@57cf54e1]" started-at="2024-04-02T11:06:13 EET" name="testBaseClas" finished-at="2024-04-02T11:06:17 EET" duration-ms="3770" status="PASS">
          <reporter-output>
          </reporter-output>
        </test-method> <!-- testBaseClas -->
        <test-method is-config="true" signature="quitDriver()[pri:0, instance:testCases.BaseClassTest@57cf54e1]" started-at="2024-04-02T11:06:17 EET" name="quitDriver" finished-at="2024-04-02T11:06:17 EET" duration-ms="250" status="PASS">
          <reporter-output>
          </reporter-output>
        </test-method> <!-- quitDriver -->
      </class> <!-- testCases.BaseClassTest -->
    </test> <!-- Test -->
    <test started-at="2024-04-02T11:06:10 EET" name="Test2" finished-at="2024-04-02T11:06:25 EET" duration-ms="14630">
      <class name="testCases.AddRemoveItemBasketTest">
        <test-method is-config="true" signature="openUrl()[pri:0, instance:testCases.AddRemoveItemBasketTest@5a45133e]" started-at="2024-04-02T11:06:10 EET" name="openUrl" finished-at="2024-04-02T11:06:13 EET" duration-ms="3151" status="PASS">
          <reporter-output>
          </reporter-output>
        </test-method> <!-- openUrl -->
        <test-method signature="addRemoveItem()[pri:0, instance:testCases.AddRemoveItemBasketTest@5a45133e]" started-at="2024-04-02T11:06:13 EET" name="addRemoveItem" finished-at="2024-04-02T11:06:25 EET" duration-ms="11147" status="FAIL">
          <exception class="java.lang.AssertionError">
            <message>
              <![CDATA[expected [$45.04] but found [$45.24]]]>
            </message>
            <full-stacktrace>
              <![CDATA[java.lang.AssertionError: expected [$45.04] but found [$45.24]
at org.testng.Assert.fail(Assert.java:99)
at org.testng.Assert.failNotEquals(Assert.java:1037)
at org.testng.Assert.assertEqualsImpl(Assert.java:140)
at org.testng.Assert.assertEquals(Assert.java:122)
at org.testng.Assert.assertEquals(Assert.java:629)
at org.testng.Assert.assertEquals(Assert.java:639)
at testCases.AddRemoveItemBasketTest.addRemoveItem(AddRemoveItemBasketTest.java:70)
at java.base/jdk.internal.reflect.NativeMethodAccessorImpl.invoke0(Native Method)
at java.base/jdk.internal.reflect.NativeMethodAccessorImpl.invoke(NativeMethodAccessorImpl.java:77)
at java.base/jdk.internal.reflect.DelegatingMethodAccessorImpl.invoke(DelegatingMethodAccessorImpl.java:43)
at java.base/java.lang.reflect.Method.invoke(Method.java:568)
at org.testng.internal.MethodInvocationHelper.invokeMethod(MethodInvocationHelper.java:133)
at org.testng.internal.TestInvoker.invokeMethod(TestInvoker.java:598)
at org.testng.internal.TestInvoker.invokeTestMethod(TestInvoker.java:173)
at org.testng.internal.MethodRunner.runInSequence(MethodRunner.java:46)
at org.testng.internal.TestInvoker$MethodInvocationAgent.invoke(TestInvoker.java:824)
at org.testng.internal.TestInvoker.invokeTestMethods(TestInvoker.java:146)
at org.testng.internal.TestMethodWorker.invokeTestMethods(TestMethodWorker.java:146)
at org.testng.internal.TestMethodWorker.run(TestMethodWorker.java:128)
at java.base/java.util.ArrayList.forEach(ArrayList.java:1511)
at org.testng.TestRunner.privateRun(TestRunner.java:794)
at org.testng.TestRunner.run(TestRunner.java:596)
at org.testng.SuiteRunner.runTest(SuiteRunner.java:377)
at org.testng.SuiteRunner.access$000(SuiteRunner.java:28)
at org.testng.SuiteRunner$SuiteWorker.run(SuiteRunner.java:418)
at org.testng.internal.thread.ThreadUtil.lambda$execute$0(ThreadUtil.java:64)
at java.base/java.util.concurrent.FutureTask.run(FutureTask.java:264)
at java.base/java.util.concurrent.ThreadPoolExecutor.runWorker(ThreadPoolExecutor.java:1136)
at java.base/java.util.concurrent.ThreadPoolExecutor$Worker.run(ThreadPoolExecutor.java:635)
at java.base/java.lang.Thread.run(Thread.java:833)
]]>
            </full-stacktrace>
          </exception> <!-- java.lang.AssertionError -->
          <reporter-output>
          </reporter-output>
        </test-method> <!-- addRemoveItem -->
        <test-method is-config="true" signature="quitDriver()[pri:0, instance:testCases.AddRemoveItemBasketTest@5a45133e]" started-at="2024-04-02T11:06:25 EET" name="quitDriver" finished-at="2024-04-02T11:06:25 EET" duration-ms="166" status="PASS">
          <reporter-output>
          </reporter-output>
        </test-method> <!-- quitDriver -->
      </class> <!-- testCases.AddRemoveItemBasketTest -->
    </test> <!-- Test2 -->
    <test started-at="2024-04-02T11:06:17 EET" name="Test3" finished-at="2024-04-02T11:06:35 EET" duration-ms="18418">
      <class name="testCases.OrderCompleteTest">
        <test-method is-config="true" signature="openUrl()[pri:0, instance:testCases.OrderCompleteTest@576d5deb]" started-at="2024-04-02T11:06:17 EET" name="openUrl" finished-at="2024-04-02T11:06:19 EET" duration-ms="2342" status="PASS">
          <reporter-output>
          </reporter-output>
        </test-method> <!-- openUrl -->
        <test-method signature="endToEndTest()[pri:0, instance:testCases.OrderCompleteTest@576d5deb]" started-at="2024-04-02T11:06:19 EET" name="endToEndTest" finished-at="2024-04-02T11:06:35 EET" duration-ms="15934" status="PASS">
          <reporter-output>
          </reporter-output>
        </test-method> <!-- endToEndTest -->
        <test-method is-config="true" signature="quitDriver()[pri:0, instance:testCases.OrderCompleteTest@576d5deb]" started-at="2024-04-02T11:06:35 EET" name="quitDriver" finished-at="2024-04-02T11:06:35 EET" duration-ms="140" status="PASS">
          <reporter-output>
          </reporter-output>
        </test-method> <!-- quitDriver -->
      </class> <!-- testCases.OrderCompleteTest -->
    </test> <!-- Test3 -->
  </suite> <!-- Suite -->
</testng-results>
